#
# A fatal error has been detected by the Java Runtime Environment:
#
#  Internal Error (javaClasses.cpp:136), pid=9852, tid=3468
#  fatal error: Invalid layout of preloaded class
#
# JRE version:  (7.0_45-b18) (build )
# Java VM: Java HotSpot(TM) 64-Bit Server VM (24.45-b08 mixed mode windows-amd64 compressed oops)
# Failed to write core dump. Minidumps are not enabled by default on client versions of Windows
#
# If you would like to submit a bug report, please visit:
#   http://bugreport.sun.com/bugreport/crash.jsp
#

---------------  T H R E A D  ---------------

Current thread (0x0000000002102800):  JavaThread "Unknown thread" [_thread_in_vm, id=3468, stack(0x0000000002000000,0x0000000002100000)]

Stack: [0x0000000002000000,0x0000000002100000]

---------------  P R O C E S S  ---------------

Java Threads: ( => current thread )

Other Threads:

=>0x0000000002102800 (exited) JavaThread "Unknown thread" [_thread_in_vm, id=3468, stack(0x0000000002000000,0x0000000002100000)]

VM state:not at safepoint (not fully initialized)

VM Mutex/Monitor currently owned by a thread: None

GC Heap History (0 events):
No events

Deoptimization events (0 events):
No events

Internal exceptions (0 events):
No events

Events (10 events):
Event: 0.038 loading class 0x0000000002145150 done
Event: 0.039 loading class 0x0000000002144b70 done
Event: 0.039 loading class 0x0000000002144b50
Event: 0.039 loading class 0x000000000214cc50
Event: 0.039 loading class 0x000000000214cc50 done
Event: 0.039 loading class 0x000000000214cc80
Event: 0.039 loading class 0x000000000214cc80 done
Event: 0.039 loading class 0x000000000214ccb0
Event: 0.039 loading class 0x000000000214ccb0 done
Event: 0.039 loading class 0x0000000002144b50 done


Dynamic libraries:
0x000007f6b8e20000 - 0x000007f6b8e53000 	C:\Program Files\Java\jre7\bin\javaw.exe
0x000007fae4250000 - 0x000007fae4410000 	C:\windows\SYSTEM32\ntdll.dll
0x000007fae4100000 - 0x000007fae4237000 	C:\windows\system32\KERNEL32.DLL
0x000007fae1280000 - 0x000007fae1374000 	C:\windows\system32\KERNELBASE.dll
0x000007fae3340000 - 0x000007fae341e000 	C:\windows\system32\ADVAPI32.dll
0x000007fae1990000 - 0x000007fae1adc000 	C:\windows\system32\USER32.dll
0x000007fade2a0000 - 0x000007fade50a000 	C:\windows\WinSxS\amd64_microsoft.windows.common-controls_6595b64144ccf1df_6.0.9200.16579_none_418ab7ef718b27ef\COMCTL32.dll
0x000007fae1ae0000 - 0x000007fae1b85000 	C:\windows\system32\msvcrt.dll
0x000007fae32f0000 - 0x000007fae3338000 	C:\windows\SYSTEM32\sechost.dll
0x000007fae3990000 - 0x000007fae3ad5000 	C:\windows\system32\RPCRT4.dll
0x000007fae16e0000 - 0x000007fae1821000 	C:\windows\system32\GDI32.dll
0x000007fae3dd0000 - 0x000007fae3e09000 	C:\windows\system32\IMM32.DLL
0x000007fae31d0000 - 0x000007fae32e5000 	C:\windows\system32\MSCTF.dll
0x000000005f130000 - 0x000000005f202000 	C:\Program Files\Java\jre7\bin\msvcr100.dll
0x000000005e960000 - 0x000000005f129000 	C:\Program Files\Java\jre7\bin\server\jvm.dll
0x000007fad4550000 - 0x000007fad4559000 	C:\windows\SYSTEM32\WSOCK32.dll
0x000007fad9f30000 - 0x000007fad9f50000 	C:\windows\SYSTEM32\WINMM.dll
0x000007fae31c0000 - 0x000007fae31c7000 	C:\windows\system32\PSAPI.DLL
0x000007fae3e20000 - 0x000007fae3e78000 	C:\windows\system32\WS2_32.dll
0x000007fad9b50000 - 0x000007fad9b82000 	C:\windows\SYSTEM32\WINMMBASE.dll
0x000007fae3ae0000 - 0x000007fae3ae9000 	C:\windows\system32\NSI.dll
0x000000005e950000 - 0x000000005e95f000 	C:\Program Files\Java\jre7\bin\verify.dll
0x000000005e920000 - 0x000000005e948000 	C:\Program Files\Java\jre7\bin\java.dll
0x000000005e900000 - 0x000000005e915000 	C:\Program Files\Java\jre7\bin\zip.dll

VM Arguments:
jvm_args: -Dfile.encoding=Cp1252 -Xbootclasspath:G:\ANDROID SOFTWARES\adt-bundle-windows-x86_64-20130729\adt-bundle-windows-x86_64-20130729\sdk\platforms\android-18\android.jar 
java_command: com.thenewboston.ronak.Apples
Launcher Type: SUN_STANDARD

Environment Variables:
PATH=C:\Program Files\NVIDIA GPU Computing Toolkit\CUDA\v5.5\bin;C:\Program Files\NVIDIA GPU Computing Toolkit\CUDA\v5.5\libnvvp;;C:\Program Files (x86)\NVIDIA Corporation\PhysX\Common;C:\Program Files (x86)\Intel\iCLS Client\;C:\Program Files\Intel\iCLS Client\;C:\windows\system32;C:\windows;C:\windows\System32\Wbem;C:\windows\System32\WindowsPowerShell\v1.0\;C:\Program Files\Intel\Intel(R) Management Engine Components\DAL;C:\Program Files\Intel\Intel(R) Management Engine Components\IPT;C:\Program Files (x86)\Intel\Intel(R) Management Engine Components\DAL;C:\Program Files (x86)\Intel\Intel(R) Management Engine Components\IPT;C:\Program Files (x86)\Intel\OpenCL SDK\2.0\bin\x86;C:\Program Files (x86)\Intel\OpenCL SDK\2.0\bin\x64;C:\Program Files (x86)\Windows Live\Shared;C:\Program Files\MATLAB\R2010a\runtime\win64;C:\Program Files\MATLAB\R2010a\bin;C:\Program Files\Microsoft\Web Platform Installer\;C:\Program Files (x86)\Microsoft ASP.NET\ASP.NET Web Pages\v1.0\;C:\Program Files\Microsoft SQL Server\110\Tools\Binn\;C:\Program Files\TortoiseGit\bin;C:\Program Files (x86)\Windows Kits\8.0\Windows Performance Toolkit\;C:\altera\90\modelsim_ase\win32aloem;C:\Program Files\Java\jdk1.7.0_40\bin;G:\ANDROID SOFTWARES\adt-bundle-windows-x86_64-20130729\adt-bundle-windows-x86_64-20130729\sdk;G:\ANDROID SOFTWARES\adt-bundle-windows-x86_64-20130729\adt-bundle-windows-x86_64-20130729\sdk\tools;G:\ANDROID SOFTWARES\adt-bundle-windows-x86_64-20130729\adt-bundle-windows-x86_64-20130729\sdk\platform-tools;C:\Opencv2.0\bin;.;
USERNAME=Ronak
OS=Windows_NT
PROCESSOR_IDENTIFIER=Intel64 Family 6 Model 58 Stepping 9, GenuineIntel



---------------  S Y S T E M  ---------------

OS: Windows 8 , 64 bit Build 9200 

CPU:total 4 (2 cores per cpu, 2 threads per core) family 6 model 58 stepping 9, cmov, cx8, fxsr, mmx, sse, sse2, sse3, ssse3, sse4.1, sse4.2, popcnt, avx, erms, ht, tsc, tscinvbit, tscinv

Memory: 4k page, physical 3888668k(2029760k free), swap 7820832k(3642720k free)

vm_info: Java HotSpot(TM) 64-Bit Server VM (24.45-b08) for windows-amd64 JRE (1.7.0_45-b18), built on Oct  8 2013 05:47:22 by "java_re" with unknown MS VC++:1600

time: Wed Jun 04 14:29:04 2014
elapsed time: 0 seconds

