#
# A fatal error has been detected by the Java Runtime Environment:
#
#  Internal Error (javaClasses.cpp:136), pid=6368, tid=3588
#  fatal error: Invalid layout of preloaded class
#
# JRE version:  (7.0_45-b18) (build )
# Java VM: Java HotSpot(TM) 64-Bit Server VM (24.45-b08 mixed mode windows-amd64 compressed oops)
# Failed to write core dump. Minidumps are not enabled by default on client versions of Windows
#
# If you would like to submit a bug report, please visit:
#   http://bugreport.sun.com/bugreport/crash.jsp
#

---------------  T H R E A D  ---------------

Current thread (0x00000000028f2800):  JavaThread "Unknown thread" [_thread_in_vm, id=3588, stack(0x00000000027f0000,0x00000000028f0000)]

Stack: [0x00000000027f0000,0x00000000028f0000]

---------------  P R O C E S S  ---------------

Java Threads: ( => current thread )

Other Threads:

=>0x00000000028f2800 (exited) JavaThread "Unknown thread" [_thread_in_vm, id=3588, stack(0x00000000027f0000,0x00000000028f0000)]

VM state:not at safepoint (not fully initialized)

VM Mutex/Monitor currently owned by a thread: None

GC Heap History (0 events):
No events

Deoptimization events (0 events):
No events

Internal exceptions (0 events):
No events

Events (10 events):
Event: 0.011 loading class 0x0000000002935150 done
Event: 0.011 loading class 0x0000000002934b70 done
Event: 0.011 loading class 0x0000000002934b50
Event: 0.011 loading class 0x000000000293cc50
Event: 0.011 loading class 0x000000000293cc50 done
Event: 0.011 loading class 0x000000000293cc80
Event: 0.011 loading class 0x000000000293cc80 done
Event: 0.011 loading class 0x000000000293ccb0
Event: 0.011 loading class 0x000000000293ccb0 done
Event: 0.012 loading class 0x0000000002934b50 done


Dynamic libraries:
0x000007f70e1e0000 - 0x000007f70e213000 	C:\Program Files\Java\jre7\bin\javaw.exe
0x000007fc67fb0000 - 0x000007fc68170000 	C:\windows\SYSTEM32\ntdll.dll
0x000007fc66ec0000 - 0x000007fc66ff6000 	C:\windows\system32\KERNEL32.DLL
0x000007fc64ff0000 - 0x000007fc650e3000 	C:\windows\system32\KERNELBASE.dll
0x000007fc653b0000 - 0x000007fc6548e000 	C:\windows\system32\ADVAPI32.dll
0x000007fc66d70000 - 0x000007fc66ebc000 	C:\windows\system32\USER32.dll
0x000007fc62830000 - 0x000007fc62a9a000 	C:\windows\WinSxS\amd64_microsoft.windows.common-controls_6595b64144ccf1df_6.0.9200.16579_none_418ab7ef718b27ef\COMCTL32.dll
0x000007fc674c0000 - 0x000007fc67565000 	C:\windows\system32\msvcrt.dll
0x000007fc67d20000 - 0x000007fc67d68000 	C:\windows\SYSTEM32\sechost.dll
0x000007fc67610000 - 0x000007fc67750000 	C:\windows\system32\RPCRT4.dll
0x000007fc67d80000 - 0x000007fc67ec1000 	C:\windows\system32\GDI32.dll
0x000007fc65880000 - 0x000007fc658b9000 	C:\windows\system32\IMM32.DLL
0x000007fc67340000 - 0x000007fc67455000 	C:\windows\system32\MSCTF.dll
0x000000005c8d0000 - 0x000000005c9a2000 	C:\Program Files\Java\jre7\bin\msvcr100.dll
0x000000005b190000 - 0x000000005b959000 	C:\Program Files\Java\jre7\bin\server\jvm.dll
0x000007fc522c0000 - 0x000007fc522c9000 	C:\windows\SYSTEM32\WSOCK32.dll
0x000007fc61990000 - 0x000007fc619b0000 	C:\windows\SYSTEM32\WINMM.dll
0x000007fc67fa0000 - 0x000007fc67fa7000 	C:\windows\system32\PSAPI.DLL
0x000007fc67cc0000 - 0x000007fc67d18000 	C:\windows\system32\WS2_32.dll
0x000007fc61900000 - 0x000007fc61932000 	C:\windows\SYSTEM32\WINMMBASE.dll
0x000007fc67d70000 - 0x000007fc67d79000 	C:\windows\system32\NSI.dll
0x000000005c8c0000 - 0x000000005c8cf000 	C:\Program Files\Java\jre7\bin\verify.dll
0x000000005c890000 - 0x000000005c8b8000 	C:\Program Files\Java\jre7\bin\java.dll
0x000000005c870000 - 0x000000005c885000 	C:\Program Files\Java\jre7\bin\zip.dll

VM Arguments:
jvm_args: -Dfile.encoding=Cp1252 -Xbootclasspath:G:\ANDROID SOFTWARES\adt-bundle-windows-x86_64-20130729\adt-bundle-windows-x86_64-20130729\sdk\platforms\android-18\android.jar 
java_command: com.thenewboston.ronak.Apples
Launcher Type: SUN_STANDARD

Environment Variables:
PATH=C:\Program Files\NVIDIA GPU Computing Toolkit\CUDA\v5.5\bin;C:\Program Files\NVIDIA GPU Computing Toolkit\CUDA\v5.5\libnvvp;;C:\Program Files (x86)\NVIDIA Corporation\PhysX\Common;C:\Program Files (x86)\Intel\iCLS Client\;C:\Program Files\Intel\iCLS Client\;C:\windows\system32;C:\windows;C:\windows\System32\Wbem;C:\windows\System32\WindowsPowerShell\v1.0\;C:\Program Files\Intel\Intel(R) Management Engine Components\DAL;C:\Program Files\Intel\Intel(R) Management Engine Components\IPT;C:\Program Files (x86)\Intel\Intel(R) Management Engine Components\DAL;C:\Program Files (x86)\Intel\Intel(R) Management Engine Components\IPT;C:\Program Files (x86)\Intel\OpenCL SDK\2.0\bin\x86;C:\Program Files (x86)\Intel\OpenCL SDK\2.0\bin\x64;C:\Program Files (x86)\Windows Live\Shared;C:\Program Files\MATLAB\R2010a\runtime\win64;C:\Program Files\MATLAB\R2010a\bin;C:\Program Files\Microsoft\Web Platform Installer\;C:\Program Files (x86)\Microsoft ASP.NET\ASP.NET Web Pages\v1.0\;C:\Program Files\Microsoft SQL Server\110\Tools\Binn\;C:\Program Files\TortoiseGit\bin;C:\Program Files (x86)\Windows Kits\8.0\Windows Performance Toolkit\;C:\altera\90\modelsim_ase\win32aloem;C:\Program Files\Java\jdk1.7.0_40\bin;G:\ANDROID SOFTWARES\adt-bundle-windows-x86_64-20130729\adt-bundle-windows-x86_64-20130729\sdk;G:\ANDROID SOFTWARES\adt-bundle-windows-x86_64-20130729\adt-bundle-windows-x86_64-20130729\sdk\tools;G:\ANDROID SOFTWARES\adt-bundle-windows-x86_64-20130729\adt-bundle-windows-x86_64-20130729\sdk\platform-tools;C:\Opencv2.0\bin;.;
USERNAME=Ronak
OS=Windows_NT
PROCESSOR_IDENTIFIER=Intel64 Family 6 Model 58 Stepping 9, GenuineIntel



---------------  S Y S T E M  ---------------

OS: Windows 8 , 64 bit Build 9200 

CPU:total 4 (2 cores per cpu, 2 threads per core) family 6 model 58 stepping 9, cmov, cx8, fxsr, mmx, sse, sse2, sse3, ssse3, sse4.1, sse4.2, popcnt, avx, erms, ht, tsc, tscinvbit, tscinv

Memory: 4k page, physical 3888668k(1581936k free), swap 5592608k(1670464k free)

vm_info: Java HotSpot(TM) 64-Bit Server VM (24.45-b08) for windows-amd64 JRE (1.7.0_45-b18), built on Oct  8 2013 05:47:22 by "java_re" with unknown MS VC++:1600

time: Wed Apr 16 18:20:24 2014
elapsed time: 0 seconds

